
Exp 1
2019-11-01 02:13:29.143382
1 | Test | rrse: 0.8572 | corr: 0.0948 | approx epoch time: 4.80s
2 | Test | rrse: 0.5927 | corr: 0.1629 | approx epoch time: 1.06s
3 | Test | rrse: 0.5997 | corr: 0.2057 | approx epoch time: 1.10s
4 | Test | rrse: 0.5860 | corr: 0.2200 | approx epoch time: 1.11s
5 | Test | rrse: 0.5171 | corr: 0.2741 | approx epoch time: 1.05s
6 | Test | rrse: 0.5077 | corr: 0.3288 | approx epoch time: 1.05s
7 | Test | rrse: 0.4619 | corr: 0.4185 | approx epoch time: 1.02s
8 | Test | rrse: 0.4509 | corr: 0.4744 | approx epoch time: 1.15s
9 | Test | rrse: 0.3905 | corr: 0.5374 | approx epoch time: 1.07s
10 | Test | rrse: 0.3491 | corr: 0.5750 | approx epoch time: 0.95s
11 | Test | rrse: 0.3259 | corr: 0.5846 | approx epoch time: 1.00s
12 | Test | rrse: 0.2917 | corr: 0.6001 | approx epoch time: 0.90s
13 | Test | rrse: 0.2955 | corr: 0.5945 | approx epoch time: 1.07s
14 | Test | rrse: 0.2643 | corr: 0.5848 | approx epoch time: 1.14s
16 | Test | rrse: 0.2574 | corr: 0.5806 | approx epoch time: 1.02s
17 | Test | rrse: 0.2581 | corr: 0.5976 | approx epoch time: 1.09s
22 | Test | rrse: 0.2201 | corr: 0.6041 | approx epoch time: 0.99s
34 | Test | rrse: 0.1511 | corr: 0.6331 | approx epoch time: 1.06s
35 | Test | rrse: 0.1459 | corr: 0.6503 | approx epoch time: 1.00s
36 | Test | rrse: 0.1395 | corr: 0.6558 | approx epoch time: 0.99s
37 | Test | rrse: 0.1333 | corr: 0.6721 | approx epoch time: 1.10s
39 | Test | rrse: 0.1233 | corr: 0.7318 | approx epoch time: 1.09s
42 | Test | rrse: 0.1110 | corr: 0.7601 | approx epoch time: 1.05s
44 | Test | rrse: 0.1012 | corr: 0.7755 | approx epoch time: 1.10s
45 | Test | rrse: 0.1021 | corr: 0.8310 | approx epoch time: 1.01s
49 | Test | rrse: 0.0936 | corr: 0.8525 | approx epoch time: 1.04s
52 | Test | rrse: 0.0809 | corr: 0.8533 | approx epoch time: 1.14s
53 | Test | rrse: 0.0788 | corr: 0.8220 | approx epoch time: 1.05s
55 | Test | rrse: 0.0798 | corr: 0.8509 | approx epoch time: 1.09s
56 | Test | rrse: 0.0801 | corr: 0.8582 | approx epoch time: 1.00s
57 | Test | rrse: 0.0708 | corr: 0.8260 | approx epoch time: 1.12s
61 | Test | rrse: 0.0632 | corr: 0.8206 | approx epoch time: 1.01s
62 | Test | rrse: 0.0642 | corr: 0.8229 | approx epoch time: 1.05s
68 | Test | rrse: 0.0628 | corr: 0.8805 | approx epoch time: 0.94s
69 | Test | rrse: 0.0599 | corr: 0.8414 | approx epoch time: 1.10s
70 | Test | rrse: 0.0580 | corr: 0.8452 | approx epoch time: 0.96s
72 | Test | rrse: 0.0578 | corr: 0.8754 | approx epoch time: 1.08s
73 | Test | rrse: 0.0611 | corr: 0.8580 | approx epoch time: 1.02s
74 | Test | rrse: 0.0575 | corr: 0.8859 | approx epoch time: 1.02s
76 | Test | rrse: 0.0559 | corr: 0.8742 | approx epoch time: 1.17s
77 | Test | rrse: 0.0546 | corr: 0.8485 | approx epoch time: 1.07s
79 | Test | rrse: 0.0556 | corr: 0.8853 | approx epoch time: 1.01s
84 | Test | rrse: 0.0557 | corr: 0.8697 | approx epoch time: 0.99s
85 | Test | rrse: 0.0536 | corr: 0.8669 | approx epoch time: 0.99s
86 | Test | rrse: 0.0535 | corr: 0.8608 | approx epoch time: 0.99s
87 | Test | rrse: 0.0546 | corr: 0.8622 | approx epoch time: 0.99s
88 | Test | rrse: 0.0538 | corr: 0.8758 | approx epoch time: 1.03s
93 | Test | rrse: 0.0521 | corr: 0.8761 | approx epoch time: 0.93s
94 | Test | rrse: 0.0523 | corr: 0.8929 | approx epoch time: 1.08s
98 | Test | rrse: 0.0554 | corr: 0.8953 | approx epoch time: 1.09s
100 | Test | rrse: 0.0517 | corr: 0.8891 | approx epoch time: 1.08s
101 | Test | rrse: 0.0519 | corr: 0.9024 | approx epoch time: 1.09s
107 | Test | rrse: 0.0482 | corr: 0.8982 | approx epoch time: 1.15s
112 | Test | rrse: 0.0480 | corr: 0.8928 | approx epoch time: 1.03s
114 | Test | rrse: 0.0499 | corr: 0.9135 | approx epoch time: 1.10s
115 | Test | rrse: 0.0468 | corr: 0.9120 | approx epoch time: 1.08s
117 | Test | rrse: 0.0450 | corr: 0.9094 | approx epoch time: 1.06s
123 | Test | rrse: 0.0464 | corr: 0.9184 | approx epoch time: 0.92s
132 | Test | rrse: 0.0445 | corr: 0.9153 | approx epoch time: 1.00s
134 | Test | rrse: 0.0467 | corr: 0.9167 | approx epoch time: 1.09s
135 | Test | rrse: 0.0457 | corr: 0.9223 | approx epoch time: 1.07s
137 | Test | rrse: 0.0453 | corr: 0.9267 | approx epoch time: 1.02s
139 | Test | rrse: 0.0436 | corr: 0.9276 | approx epoch time: 0.96s
142 | Test | rrse: 0.0425 | corr: 0.9304 | approx epoch time: 0.98s
151 | Test | rrse: 0.0402 | corr: 0.9341 | approx epoch time: 0.95s
152 | Test | rrse: 0.0412 | corr: 0.9324 | approx epoch time: 1.03s
156 | Test | rrse: 0.0413 | corr: 0.9338 | approx epoch time: 0.98s
158 | Test | rrse: 0.0399 | corr: 0.9299 | approx epoch time: 0.98s
166 | Test | rrse: 0.0407 | corr: 0.9344 | approx epoch time: 0.90s
167 | Test | rrse: 0.0381 | corr: 0.9332 | approx epoch time: 0.97s
168 | Test | rrse: 0.0405 | corr: 0.9354 | approx epoch time: 1.02s
169 | Test | rrse: 0.0379 | corr: 0.9359 | approx epoch time: 1.05s
171 | Test | rrse: 0.0386 | corr: 0.9354 | approx epoch time: 0.98s
185 | Test | rrse: 0.0380 | corr: 0.9367 | approx epoch time: 0.88s
190 | Test | rrse: 0.0370 | corr: 0.9381 | approx epoch time: 0.98s
End of Exp 1

Exp 2
2019-11-01 02:17:14.226433
1 | Test | rrse: 1.2312 | corr: 0.0088 | approx epoch time: 4.95s
2 | Test | rrse: 0.8887 | corr: 0.1396 | approx epoch time: 1.03s
4 | Test | rrse: 0.8552 | corr: 0.1465 | approx epoch time: 1.03s
6 | Test | rrse: 0.7796 | corr: 0.1351 | approx epoch time: 0.99s
7 | Test | rrse: 0.7530 | corr: 0.1982 | approx epoch time: 1.02s
8 | Test | rrse: 0.7096 | corr: 0.2316 | approx epoch time: 0.89s
9 | Test | rrse: 0.6646 | corr: 0.2725 | approx epoch time: 0.86s
10 | Test | rrse: 0.6133 | corr: 0.3552 | approx epoch time: 1.01s
11 | Test | rrse: 0.5581 | corr: 0.4425 | approx epoch time: 0.95s
12 | Test | rrse: 0.4902 | corr: 0.5192 | approx epoch time: 1.07s
13 | Test | rrse: 0.4568 | corr: 0.5536 | approx epoch time: 1.02s
14 | Test | rrse: 0.4262 | corr: 0.6459 | approx epoch time: 1.03s
15 | Test | rrse: 0.4075 | corr: 0.6125 | approx epoch time: 0.98s
16 | Test | rrse: 0.3565 | corr: 0.6272 | approx epoch time: 1.03s
17 | Test | rrse: 0.3396 | corr: 0.6361 | approx epoch time: 1.00s
18 | Test | rrse: 0.3491 | corr: 0.6093 | approx epoch time: 1.08s
19 | Test | rrse: 0.3131 | corr: 0.6361 | approx epoch time: 1.07s
20 | Test | rrse: 0.3181 | corr: 0.5884 | approx epoch time: 1.00s
23 | Test | rrse: 0.2828 | corr: 0.5792 | approx epoch time: 0.86s
25 | Test | rrse: 0.2691 | corr: 0.5417 | approx epoch time: 1.04s
29 | Test | rrse: 0.2437 | corr: 0.5170 | approx epoch time: 1.06s
39 | Test | rrse: 0.2027 | corr: 0.5900 | approx epoch time: 0.97s
43 | Test | rrse: 0.2068 | corr: 0.6734 | approx epoch time: 1.01s
44 | Test | rrse: 0.1892 | corr: 0.6351 | approx epoch time: 0.95s
45 | Test | rrse: 0.1951 | corr: 0.6812 | approx epoch time: 1.08s
46 | Test | rrse: 0.1785 | corr: 0.6962 | approx epoch time: 1.10s
48 | Test | rrse: 0.1709 | corr: 0.6575 | approx epoch time: 0.98s
49 | Test | rrse: 0.1468 | corr: 0.7025 | approx epoch time: 1.00s
50 | Test | rrse: 0.1420 | corr: 0.7342 | approx epoch time: 0.87s
54 | Test | rrse: 0.1500 | corr: 0.7593 | approx epoch time: 1.00s
56 | Test | rrse: 0.1491 | corr: 0.7828 | approx epoch time: 0.98s
57 | Test | rrse: 0.1406 | corr: 0.7832 | approx epoch time: 0.95s
58 | Test | rrse: 0.1208 | corr: 0.7885 | approx epoch time: 1.00s
60 | Test | rrse: 0.1254 | corr: 0.7954 | approx epoch time: 1.07s
61 | Test | rrse: 0.1276 | corr: 0.8297 | approx epoch time: 1.07s
63 | Test | rrse: 0.1064 | corr: 0.8404 | approx epoch time: 0.97s
65 | Test | rrse: 0.1167 | corr: 0.8454 | approx epoch time: 1.13s
66 | Test | rrse: 0.1114 | corr: 0.8505 | approx epoch time: 1.01s
67 | Test | rrse: 0.1104 | corr: 0.8456 | approx epoch time: 0.94s
68 | Test | rrse: 0.1020 | corr: 0.8574 | approx epoch time: 0.98s
69 | Test | rrse: 0.1034 | corr: 0.8516 | approx epoch time: 0.99s
70 | Test | rrse: 0.0978 | corr: 0.8640 | approx epoch time: 0.92s
71 | Test | rrse: 0.0919 | corr: 0.8537 | approx epoch time: 0.98s
73 | Test | rrse: 0.0875 | corr: 0.8714 | approx epoch time: 1.04s
75 | Test | rrse: 0.0811 | corr: 0.8806 | approx epoch time: 0.99s
78 | Test | rrse: 0.0819 | corr: 0.8890 | approx epoch time: 1.09s
83 | Test | rrse: 0.0832 | corr: 0.8961 | approx epoch time: 0.94s
85 | Test | rrse: 0.0826 | corr: 0.8905 | approx epoch time: 1.05s
86 | Test | rrse: 0.0788 | corr: 0.8880 | approx epoch time: 1.00s
88 | Test | rrse: 0.0748 | corr: 0.9037 | approx epoch time: 1.03s
89 | Test | rrse: 0.0742 | corr: 0.8942 | approx epoch time: 0.88s
91 | Test | rrse: 0.0763 | corr: 0.9085 | approx epoch time: 1.13s
95 | Test | rrse: 0.0754 | corr: 0.9145 | approx epoch time: 0.99s
96 | Test | rrse: 0.0714 | corr: 0.9118 | approx epoch time: 0.93s
97 | Test | rrse: 0.0652 | corr: 0.9109 | approx epoch time: 1.05s
98 | Test | rrse: 0.0684 | corr: 0.9140 | approx epoch time: 1.10s
99 | Test | rrse: 0.0646 | corr: 0.9125 | approx epoch time: 1.05s
101 | Test | rrse: 0.0648 | corr: 0.9123 | approx epoch time: 0.92s
103 | Test | rrse: 0.0614 | corr: 0.9131 | approx epoch time: 0.95s
105 | Test | rrse: 0.0656 | corr: 0.9197 | approx epoch time: 1.20s
106 | Test | rrse: 0.0619 | corr: 0.9197 | approx epoch time: 0.91s
109 | Test | rrse: 0.0588 | corr: 0.9218 | approx epoch time: 0.91s
117 | Test | rrse: 0.0585 | corr: 0.9212 | approx epoch time: 1.05s
118 | Test | rrse: 0.0618 | corr: 0.9214 | approx epoch time: 1.11s
121 | Test | rrse: 0.0606 | corr: 0.9258 | approx epoch time: 1.03s
128 | Test | rrse: 0.0564 | corr: 0.9275 | approx epoch time: 0.90s
132 | Test | rrse: 0.0554 | corr: 0.9293 | approx epoch time: 1.10s
140 | Test | rrse: 0.0559 | corr: 0.9191 | approx epoch time: 1.11s
143 | Test | rrse: 0.0550 | corr: 0.9254 | approx epoch time: 1.05s
147 | Test | rrse: 0.0540 | corr: 0.9249 | approx epoch time: 0.97s
148 | Test | rrse: 0.0577 | corr: 0.9331 | approx epoch time: 0.86s
154 | Test | rrse: 0.0534 | corr: 0.9234 | approx epoch time: 1.05s
155 | Test | rrse: 0.0539 | corr: 0.9237 | approx epoch time: 0.90s
161 | Test | rrse: 0.0518 | corr: 0.9234 | approx epoch time: 0.97s
170 | Test | rrse: 0.0475 | corr: 0.9179 | approx epoch time: 1.00s
End of Exp 2

Exp 3
2019-11-01 02:20:34.060785
1 | Test | rrse: 0.1315 | corr: 0.6331 | approx epoch time: 4.82s
2 | Test | rrse: 0.0698 | corr: 0.8366 | approx epoch time: 0.93s
5 | Test | rrse: 0.0478 | corr: 0.8807 | approx epoch time: 1.09s
6 | Test | rrse: 0.0462 | corr: 0.8380 | approx epoch time: 0.91s
8 | Test | rrse: 0.0470 | corr: 0.8325 | approx epoch time: 1.05s
End of Exp 3

Exp 4
2019-11-01 02:21:02.159497
1 | Test | rrse: 0.2939 | corr: 0.6317 | approx epoch time: 4.83s
2 | Test | rrse: 0.3065 | corr: 0.6787 | approx epoch time: 0.90s
3 | Test | rrse: 0.2746 | corr: 0.6666 | approx epoch time: 1.03s
4 | Test | rrse: 0.2349 | corr: 0.6939 | approx epoch time: 1.11s
5 | Test | rrse: 0.2154 | corr: 0.6920 | approx epoch time: 1.03s
6 | Test | rrse: 0.1757 | corr: 0.6966 | approx epoch time: 0.99s
7 | Test | rrse: 0.1480 | corr: 0.7154 | approx epoch time: 1.02s
8 | Test | rrse: 0.1301 | corr: 0.7016 | approx epoch time: 0.90s
9 | Test | rrse: 0.1103 | corr: 0.7050 | approx epoch time: 1.07s
End of Exp 4

Exp 5
2019-11-01 02:21:32.912284
1 | Test | rrse: 1.1057 | corr: 0.0699 | approx epoch time: 4.66s
2 | Test | rrse: 0.7747 | corr: 0.1562 | approx epoch time: 1.12s
3 | Test | rrse: 0.7371 | corr: 0.1769 | approx epoch time: 1.09s
5 | Test | rrse: 0.6464 | corr: 0.2299 | approx epoch time: 0.98s
6 | Test | rrse: 0.6516 | corr: 0.1871 | approx epoch time: 1.00s
7 | Test | rrse: 0.5924 | corr: 0.2260 | approx epoch time: 1.08s
8 | Test | rrse: 0.5623 | corr: 0.2598 | approx epoch time: 1.04s
9 | Test | rrse: 0.5131 | corr: 0.3553 | approx epoch time: 1.02s
10 | Test | rrse: 0.4626 | corr: 0.4576 | approx epoch time: 1.03s
11 | Test | rrse: 0.4273 | corr: 0.5364 | approx epoch time: 1.16s
12 | Test | rrse: 0.3682 | corr: 0.5662 | approx epoch time: 1.03s
13 | Test | rrse: 0.3288 | corr: 0.5907 | approx epoch time: 1.05s
14 | Test | rrse: 0.3182 | corr: 0.5864 | approx epoch time: 1.11s
15 | Test | rrse: 0.2999 | corr: 0.5865 | approx epoch time: 0.91s
16 | Test | rrse: 0.2766 | corr: 0.5804 | approx epoch time: 0.97s
17 | Test | rrse: 0.2727 | corr: 0.5836 | approx epoch time: 1.00s
18 | Test | rrse: 0.2426 | corr: 0.5673 | approx epoch time: 0.98s
31 | Test | rrse: 0.1926 | corr: 0.5397 | approx epoch time: 1.02s
32 | Test | rrse: 0.2024 | corr: 0.5521 | approx epoch time: 0.94s
33 | Test | rrse: 0.1816 | corr: 0.5619 | approx epoch time: 1.10s
34 | Test | rrse: 0.1787 | corr: 0.5825 | approx epoch time: 1.13s
35 | Test | rrse: 0.1939 | corr: 0.5930 | approx epoch time: 1.03s
36 | Test | rrse: 0.1795 | corr: 0.5966 | approx epoch time: 1.03s
37 | Test | rrse: 0.1684 | corr: 0.6112 | approx epoch time: 1.01s
38 | Test | rrse: 0.1451 | corr: 0.6244 | approx epoch time: 0.97s
39 | Test | rrse: 0.1483 | corr: 0.6379 | approx epoch time: 1.06s
40 | Test | rrse: 0.1265 | corr: 0.6479 | approx epoch time: 1.07s
41 | Test | rrse: 0.1288 | corr: 0.6652 | approx epoch time: 1.08s
42 | Test | rrse: 0.1230 | corr: 0.6713 | approx epoch time: 1.04s
43 | Test | rrse: 0.1205 | corr: 0.6790 | approx epoch time: 0.98s
44 | Test | rrse: 0.1101 | corr: 0.7212 | approx epoch time: 0.93s
45 | Test | rrse: 0.1044 | corr: 0.7449 | approx epoch time: 1.05s
46 | Test | rrse: 0.0901 | corr: 0.7687 | approx epoch time: 1.11s
47 | Test | rrse: 0.0982 | corr: 0.7844 | approx epoch time: 0.98s
48 | Test | rrse: 0.0885 | corr: 0.7817 | approx epoch time: 1.00s
49 | Test | rrse: 0.1065 | corr: 0.8160 | approx epoch time: 0.88s
50 | Test | rrse: 0.0797 | corr: 0.8165 | approx epoch time: 0.97s
54 | Test | rrse: 0.0718 | corr: 0.8751 | approx epoch time: 1.01s
55 | Test | rrse: 0.0688 | corr: 0.8457 | approx epoch time: 0.90s
58 | Test | rrse: 0.0795 | corr: 0.8869 | approx epoch time: 1.10s
59 | Test | rrse: 0.0689 | corr: 0.8908 | approx epoch time: 1.07s
60 | Test | rrse: 0.0629 | corr: 0.8793 | approx epoch time: 1.09s
66 | Test | rrse: 0.0613 | corr: 0.8833 | approx epoch time: 1.01s
70 | Test | rrse: 0.0626 | corr: 0.8814 | approx epoch time: 0.99s
71 | Test | rrse: 0.0608 | corr: 0.8916 | approx epoch time: 1.05s
72 | Test | rrse: 0.0542 | corr: 0.8856 | approx epoch time: 1.07s
75 | Test | rrse: 0.0558 | corr: 0.9032 | approx epoch time: 0.99s
76 | Test | rrse: 0.0573 | corr: 0.8806 | approx epoch time: 0.99s
77 | Test | rrse: 0.0518 | corr: 0.8950 | approx epoch time: 1.00s
79 | Test | rrse: 0.0545 | corr: 0.9084 | approx epoch time: 1.05s
82 | Test | rrse: 0.0555 | corr: 0.9142 | approx epoch time: 1.04s
84 | Test | rrse: 0.0493 | corr: 0.9163 | approx epoch time: 0.98s
87 | Test | rrse: 0.0504 | corr: 0.9178 | approx epoch time: 0.97s
89 | Test | rrse: 0.0480 | corr: 0.9278 | approx epoch time: 1.03s
92 | Test | rrse: 0.0481 | corr: 0.9244 | approx epoch time: 1.16s
93 | Test | rrse: 0.0492 | corr: 0.9289 | approx epoch time: 1.06s
101 | Test | rrse: 0.0473 | corr: 0.9347 | approx epoch time: 1.02s
103 | Test | rrse: 0.0478 | corr: 0.9340 | approx epoch time: 0.94s
113 | Test | rrse: 0.0456 | corr: 0.9378 | approx epoch time: 1.05s
126 | Test | rrse: 0.0433 | corr: 0.9416 | approx epoch time: 0.92s
138 | Test | rrse: 0.0428 | corr: 0.9422 | approx epoch time: 1.11s
143 | Test | rrse: 0.0407 | corr: 0.9437 | approx epoch time: 1.05s
153 | Test | rrse: 0.0401 | corr: 0.9463 | approx epoch time: 1.05s
End of Exp 5
Average result | rrse: 0.0564 | corr: 0.8680
Best result | rrse: 0.0401 | corr: 0.9463

Exp 1
2019-11-07 19:11:28.720217
1 | Test | rrse: 0.4290 | corr: 0.4582 | approx epoch time: 6.11s
3 | Test | rrse: 0.4340 | corr: 0.5425 | approx epoch time: 1.05s
4 | Test | rrse: 0.4031 | corr: 0.5915 | approx epoch time: 1.10s
5 | Test | rrse: 0.3805 | corr: 0.6612 | approx epoch time: 1.08s
6 | Test | rrse: 0.3237 | corr: 0.7382 | approx epoch time: 1.13s
7 | Test | rrse: 0.2779 | corr: 0.8005 | approx epoch time: 1.07s
8 | Test | rrse: 0.2427 | corr: 0.8093 | approx epoch time: 0.98s
9 | Test | rrse: 0.1991 | corr: 0.7569 | approx epoch time: 1.06s
10 | Test | rrse: 0.1964 | corr: 0.7405 | approx epoch time: 0.97s
20 | Test | rrse: 0.1320 | corr: 0.7153 | approx epoch time: 1.09s
21 | Test | rrse: 0.1217 | corr: 0.6893 | approx epoch time: 1.07s
22 | Test | rrse: 0.1245 | corr: 0.7607 | approx epoch time: 1.00s
23 | Test | rrse: 0.1109 | corr: 0.7850 | approx epoch time: 0.96s
24 | Test | rrse: 0.0896 | corr: 0.8450 | approx epoch time: 1.03s
25 | Test | rrse: 0.0862 | corr: 0.8429 | approx epoch time: 1.02s
26 | Test | rrse: 0.0975 | corr: 0.7906 | approx epoch time: 1.01s
27 | Test | rrse: 0.0776 | corr: 0.8706 | approx epoch time: 1.03s
28 | Test | rrse: 0.0687 | corr: 0.8759 | approx epoch time: 1.08s
29 | Test | rrse: 0.0768 | corr: 0.8890 | approx epoch time: 1.04s
30 | Test | rrse: 0.0614 | corr: 0.8865 | approx epoch time: 0.98s
35 | Test | rrse: 0.0656 | corr: 0.9098 | approx epoch time: 0.97s

Exp 1
2019-11-09 18:46:46.474227
1 | Test | rrse: 0.4590 | corr: 0.6101 | approx epoch time: 4.78s
2 | Test | rrse: 0.3664 | corr: 0.6381 | approx epoch time: 1.06s
3 | Test | rrse: 0.3306 | corr: 0.6949 | approx epoch time: 1.00s
4 | Test | rrse: 0.2719 | corr: 0.7399 | approx epoch time: 1.05s
5 | Test | rrse: 0.2278 | corr: 0.8399 | approx epoch time: 1.01s
6 | Test | rrse: 0.1765 | corr: 0.8559 | approx epoch time: 0.94s
7 | Test | rrse: 0.1496 | corr: 0.8777 | approx epoch time: 1.05s
8 | Test | rrse: 0.1292 | corr: 0.8430 | approx epoch time: 0.98s
9 | Test | rrse: 0.1205 | corr: 0.8654 | approx epoch time: 0.95s
11 | Test | rrse: 0.1132 | corr: 0.8662 | approx epoch time: 0.91s
15 | Test | rrse: 0.0830 | corr: 0.9040 | approx epoch time: 1.02s
16 | Test | rrse: 0.0888 | corr: 0.8971 | approx epoch time: 1.00s
17 | Test | rrse: 0.0805 | corr: 0.9133 | approx epoch time: 0.95s
18 | Test | rrse: 0.0667 | corr: 0.9103 | approx epoch time: 1.03s
19 | Test | rrse: 0.0611 | corr: 0.9145 | approx epoch time: 1.05s
21 | Test | rrse: 0.0604 | corr: 0.9226 | approx epoch time: 0.98s
22 | Test | rrse: 0.0605 | corr: 0.9258 | approx epoch time: 1.05s
23 | Test | rrse: 0.0532 | corr: 0.9207 | approx epoch time: 0.98s
24 | Test | rrse: 0.0509 | corr: 0.9253 | approx epoch time: 0.96s
25 | Test | rrse: 0.0524 | corr: 0.9342 | approx epoch time: 1.14s
26 | Test | rrse: 0.0524 | corr: 0.9366 | approx epoch time: 1.01s
27 | Test | rrse: 0.0468 | corr: 0.9403 | approx epoch time: 0.92s
29 | Test | rrse: 0.0505 | corr: 0.9426 | approx epoch time: 0.86s
30 | Test | rrse: 0.0511 | corr: 0.9379 | approx epoch time: 1.07s
31 | Test | rrse: 0.0435 | corr: 0.9365 | approx epoch time: 1.07s
37 | Test | rrse: 0.0372 | corr: 0.9472 | approx epoch time: 1.05s
End of Exp 1

Exp 2
2019-11-09 18:47:46.813280
1 | Test | rrse: 0.1595 | corr: 0.8667 | approx epoch time: 4.73s
2 | Test | rrse: 0.1056 | corr: 0.8752 | approx epoch time: 1.00s
3 | Test | rrse: 0.0690 | corr: 0.9218 | approx epoch time: 1.02s
5 | Test | rrse: 0.0499 | corr: 0.9196 | approx epoch time: 0.91s
7 | Test | rrse: 0.0449 | corr: 0.9153 | approx epoch time: 1.04s
8 | Test | rrse: 0.0432 | corr: 0.9308 | approx epoch time: 1.01s
9 | Test | rrse: 0.0386 | corr: 0.9288 | approx epoch time: 1.02s
17 | Test | rrse: 0.0351 | corr: 0.9178 | approx epoch time: 0.92s
21 | Test | rrse: 0.0361 | corr: 0.9185 | approx epoch time: 0.96s
26 | Test | rrse: 0.0327 | corr: 0.9217 | approx epoch time: 0.95s
27 | Test | rrse: 0.0328 | corr: 0.9223 | approx epoch time: 0.86s
31 | Test | rrse: 0.0318 | corr: 0.9220 | approx epoch time: 1.05s
35 | Test | rrse: 0.0333 | corr: 0.9242 | approx epoch time: 0.85s
42 | Test | rrse: 0.0338 | corr: 0.9262 | approx epoch time: 0.98s
46 | Test | rrse: 0.0341 | corr: 0.9263 | approx epoch time: 0.89s
47 | Test | rrse: 0.0332 | corr: 0.9263 | approx epoch time: 1.04s
50 | Test | rrse: 0.0332 | corr: 0.9264 | approx epoch time: 0.99s
53 | Test | rrse: 0.0338 | corr: 0.9275 | approx epoch time: 1.00s
54 | Test | rrse: 0.0333 | corr: 0.9269 | approx epoch time: 0.94s
55 | Test | rrse: 0.0330 | corr: 0.9270 | approx epoch time: 0.95s
61 | Test | rrse: 0.0340 | corr: 0.9288 | approx epoch time: 0.92s
62 | Test | rrse: 0.0328 | corr: 0.9287 | approx epoch time: 1.01s
64 | Test | rrse: 0.0328 | corr: 0.9292 | approx epoch time: 0.95s
73 | Test | rrse: 0.0344 | corr: 0.9307 | approx epoch time: 0.96s
74 | Test | rrse: 0.0328 | corr: 0.9304 | approx epoch time: 0.89s
76 | Test | rrse: 0.0319 | corr: 0.9303 | approx epoch time: 1.03s
77 | Test | rrse: 0.0319 | corr: 0.9306 | approx epoch time: 0.89s
78 | Test | rrse: 0.0308 | corr: 0.9308 | approx epoch time: 0.91s
79 | Test | rrse: 0.0307 | corr: 0.9309 | approx epoch time: 0.98s
83 | Test | rrse: 0.0313 | corr: 0.9318 | approx epoch time: 1.06s
85 | Test | rrse: 0.0313 | corr: 0.9322 | approx epoch time: 0.91s
86 | Test | rrse: 0.0308 | corr: 0.9324 | approx epoch time: 0.99s
88 | Test | rrse: 0.0301 | corr: 0.9326 | approx epoch time: 0.98s
93 | Test | rrse: 0.0312 | corr: 0.9340 | approx epoch time: 1.01s
94 | Test | rrse: 0.0309 | corr: 0.9341 | approx epoch time: 1.01s
97 | Test | rrse: 0.0307 | corr: 0.9345 | approx epoch time: 0.96s
99 | Test | rrse: 0.0304 | corr: 0.9347 | approx epoch time: 1.04s
102 | Test | rrse: 0.0304 | corr: 0.9352 | approx epoch time: 0.96s
109 | Test | rrse: 0.0307 | corr: 0.9366 | approx epoch time: 0.93s
113 | Test | rrse: 0.0307 | corr: 0.9374 | approx epoch time: 0.95s
117 | Test | rrse: 0.0303 | corr: 0.9381 | approx epoch time: 0.94s
118 | Test | rrse: 0.0299 | corr: 0.9381 | approx epoch time: 0.91s
121 | Test | rrse: 0.0295 | corr: 0.9383 | approx epoch time: 0.96s
125 | Test | rrse: 0.0301 | corr: 0.9388 | approx epoch time: 0.90s
128 | Test | rrse: 0.0297 | corr: 0.9392 | approx epoch time: 0.90s
129 | Test | rrse: 0.0297 | corr: 0.9393 | approx epoch time: 0.94s
131 | Test | rrse: 0.0293 | corr: 0.9401 | approx epoch time: 0.99s
132 | Test | rrse: 0.0290 | corr: 0.9406 | approx epoch time: 1.00s
139 | Test | rrse: 0.0295 | corr: 0.9415 | approx epoch time: 0.84s
144 | Test | rrse: 0.0293 | corr: 0.9421 | approx epoch time: 0.99s
145 | Test | rrse: 0.0291 | corr: 0.9424 | approx epoch time: 0.98s
147 | Test | rrse: 0.0290 | corr: 0.9426 | approx epoch time: 1.01s
151 | Test | rrse: 0.0293 | corr: 0.9426 | approx epoch time: 0.91s
153 | Test | rrse: 0.0290 | corr: 0.9433 | approx epoch time: 1.03s
157 | Test | rrse: 0.0291 | corr: 0.9439 | approx epoch time: 0.83s
160 | Test | rrse: 0.0289 | corr: 0.9446 | approx epoch time: 0.89s
162 | Test | rrse: 0.0284 | corr: 0.9451 | approx epoch time: 1.07s
164 | Test | rrse: 0.0287 | corr: 0.9456 | approx epoch time: 0.96s
168 | Test | rrse: 0.0287 | corr: 0.9461 | approx epoch time: 1.04s
170 | Test | rrse: 0.0288 | corr: 0.9466 | approx epoch time: 1.08s
173 | Test | rrse: 0.0288 | corr: 0.9471 | approx epoch time: 0.89s
174 | Test | rrse: 0.0289 | corr: 0.9473 | approx epoch time: 0.98s
176 | Test | rrse: 0.0288 | corr: 0.9483 | approx epoch time: 1.13s
177 | Test | rrse: 0.0281 | corr: 0.9484 | approx epoch time: 0.96s
178 | Test | rrse: 0.0281 | corr: 0.9486 | approx epoch time: 0.92s
180 | Test | rrse: 0.0281 | corr: 0.9489 | approx epoch time: 0.96s
182 | Test | rrse: 0.0281 | corr: 0.9496 | approx epoch time: 0.95s
185 | Test | rrse: 0.0287 | corr: 0.9502 | approx epoch time: 0.92s
186 | Test | rrse: 0.0284 | corr: 0.9506 | approx epoch time: 0.89s
187 | Test | rrse: 0.0282 | corr: 0.9507 | approx epoch time: 1.03s
189 | Test | rrse: 0.0282 | corr: 0.9515 | approx epoch time: 1.04s
190 | Test | rrse: 0.0274 | corr: 0.9518 | approx epoch time: 0.87s
193 | Test | rrse: 0.0283 | corr: 0.9529 | approx epoch time: 0.93s
195 | Test | rrse: 0.0274 | corr: 0.9532 | approx epoch time: 0.98s
197 | Test | rrse: 0.0270 | corr: 0.9537 | approx epoch time: 1.00s
198 | Test | rrse: 0.0274 | corr: 0.9543 | approx epoch time: 0.98s
200 | Test | rrse: 0.0280 | corr: 0.9550 | approx epoch time: 1.03s
201 | Test | rrse: 0.0278 | corr: 0.9554 | approx epoch time: 1.05s
202 | Test | rrse: 0.0274 | corr: 0.9554 | approx epoch time: 0.87s
203 | Test | rrse: 0.0276 | corr: 0.9553 | approx epoch time: 0.90s
204 | Test | rrse: 0.0273 | corr: 0.9554 | approx epoch time: 1.03s
205 | Test | rrse: 0.0279 | corr: 0.9561 | approx epoch time: 0.88s
206 | Test | rrse: 0.0275 | corr: 0.9564 | approx epoch time: 0.97s
209 | Test | rrse: 0.0273 | corr: 0.9569 | approx epoch time: 0.90s
210 | Test | rrse: 0.0272 | corr: 0.9572 | approx epoch time: 0.98s
212 | Test | rrse: 0.0270 | corr: 0.9576 | approx epoch time: 0.93s
213 | Test | rrse: 0.0276 | corr: 0.9582 | approx epoch time: 0.95s
214 | Test | rrse: 0.0274 | corr: 0.9584 | approx epoch time: 0.87s
217 | Test | rrse: 0.0273 | corr: 0.9589 | approx epoch time: 1.02s
218 | Test | rrse: 0.0270 | corr: 0.9590 | approx epoch time: 1.10s
219 | Test | rrse: 0.0269 | corr: 0.9591 | approx epoch time: 1.00s
221 | Test | rrse: 0.0266 | corr: 0.9593 | approx epoch time: 0.94s
226 | Test | rrse: 0.0270 | corr: 0.9600 | approx epoch time: 0.94s
227 | Test | rrse: 0.0268 | corr: 0.9602 | approx epoch time: 0.90s
228 | Test | rrse: 0.0270 | corr: 0.9604 | approx epoch time: 1.09s
229 | Test | rrse: 0.0269 | corr: 0.9607 | approx epoch time: 1.03s
230 | Test | rrse: 0.0270 | corr: 0.9609 | approx epoch time: 0.96s
232 | Test | rrse: 0.0266 | corr: 0.9611 | approx epoch time: 0.86s
236 | Test | rrse: 0.0261 | corr: 0.9616 | approx epoch time: 1.00s
239 | Test | rrse: 0.0264 | corr: 0.9620 | approx epoch time: 0.99s
241 | Test | rrse: 0.0265 | corr: 0.9623 | approx epoch time: 0.93s
242 | Test | rrse: 0.0261 | corr: 0.9624 | approx epoch time: 0.98s
245 | Test | rrse: 0.0266 | corr: 0.9629 | approx epoch time: 1.05s
246 | Test | rrse: 0.0260 | corr: 0.9630 | approx epoch time: 1.05s
247 | Test | rrse: 0.0259 | corr: 0.9631 | approx epoch time: 0.92s
249 | Test | rrse: 0.0258 | corr: 0.9633 | approx epoch time: 0.94s
251 | Test | rrse: 0.0260 | corr: 0.9634 | approx epoch time: 1.02s
252 | Test | rrse: 0.0262 | corr: 0.9636 | approx epoch time: 0.94s
253 | Test | rrse: 0.0264 | corr: 0.9638 | approx epoch time: 1.06s
254 | Test | rrse: 0.0261 | corr: 0.9639 | approx epoch time: 1.11s
255 | Test | rrse: 0.0260 | corr: 0.9640 | approx epoch time: 0.92s
256 | Test | rrse: 0.0261 | corr: 0.9641 | approx epoch time: 0.91s
257 | Test | rrse: 0.0261 | corr: 0.9642 | approx epoch time: 0.98s
258 | Test | rrse: 0.0254 | corr: 0.9643 | approx epoch time: 0.93s
263 | Test | rrse: 0.0256 | corr: 0.9647 | approx epoch time: 0.91s
266 | Test | rrse: 0.0253 | corr: 0.9649 | approx epoch time: 0.95s
270 | Test | rrse: 0.0254 | corr: 0.9653 | approx epoch time: 1.04s
272 | Test | rrse: 0.0255 | corr: 0.9654 | approx epoch time: 1.03s
276 | Test | rrse: 0.0254 | corr: 0.9656 | approx epoch time: 0.98s
277 | Test | rrse: 0.0254 | corr: 0.9658 | approx epoch time: 0.98s
278 | Test | rrse: 0.0255 | corr: 0.9659 | approx epoch time: 0.91s
280 | Test | rrse: 0.0255 | corr: 0.9661 | approx epoch time: 0.97s
281 | Test | rrse: 0.0252 | corr: 0.9661 | approx epoch time: 1.04s
285 | Test | rrse: 0.0250 | corr: 0.9663 | approx epoch time: 0.94s
287 | Test | rrse: 0.0248 | corr: 0.9664 | approx epoch time: 0.91s
292 | Test | rrse: 0.0250 | corr: 0.9667 | approx epoch time: 0.99s
293 | Test | rrse: 0.0249 | corr: 0.9667 | approx epoch time: 0.99s
294 | Test | rrse: 0.0249 | corr: 0.9668 | approx epoch time: 0.97s
295 | Test | rrse: 0.0247 | corr: 0.9668 | approx epoch time: 0.83s
296 | Test | rrse: 0.0245 | corr: 0.9668 | approx epoch time: 0.97s
298 | Test | rrse: 0.0246 | corr: 0.9669 | approx epoch time: 0.96s
302 | Test | rrse: 0.0248 | corr: 0.9671 | approx epoch time: 0.97s
304 | Test | rrse: 0.0245 | corr: 0.9672 | approx epoch time: 0.90s
306 | Test | rrse: 0.0247 | corr: 0.9673 | approx epoch time: 1.03s
308 | Test | rrse: 0.0248 | corr: 0.9674 | approx epoch time: 1.01s
309 | Test | rrse: 0.0244 | corr: 0.9674 | approx epoch time: 0.92s
313 | Test | rrse: 0.0241 | corr: 0.9675 | approx epoch time: 0.87s
317 | Test | rrse: 0.0241 | corr: 0.9677 | approx epoch time: 0.96s
322 | Test | rrse: 0.0243 | corr: 0.9679 | approx epoch time: 0.97s
323 | Test | rrse: 0.0241 | corr: 0.9679 | approx epoch time: 0.86s
325 | Test | rrse: 0.0241 | corr: 0.9680 | approx epoch time: 1.01s
326 | Test | rrse: 0.0239 | corr: 0.9680 | approx epoch time: 0.86s
331 | Test | rrse: 0.0241 | corr: 0.9682 | approx epoch time: 0.93s
332 | Test | rrse: 0.0241 | corr: 0.9682 | approx epoch time: 0.98s
334 | Test | rrse: 0.0240 | corr: 0.9683 | approx epoch time: 1.03s
337 | Test | rrse: 0.0242 | corr: 0.9684 | approx epoch time: 0.85s
338 | Test | rrse: 0.0240 | corr: 0.9684 | approx epoch time: 1.01s
340 | Test | rrse: 0.0240 | corr: 0.9685 | approx epoch time: 0.96s
341 | Test | rrse: 0.0241 | corr: 0.9685 | approx epoch time: 0.95s
342 | Test | rrse: 0.0239 | corr: 0.9685 | approx epoch time: 0.92s
343 | Test | rrse: 0.0235 | corr: 0.9685 | approx epoch time: 0.86s
344 | Test | rrse: 0.0235 | corr: 0.9686 | approx epoch time: 0.93s
347 | Test | rrse: 0.0238 | corr: 0.9687 | approx epoch time: 0.93s
348 | Test | rrse: 0.0236 | corr: 0.9687 | approx epoch time: 0.89s
350 | Test | rrse: 0.0236 | corr: 0.9688 | approx epoch time: 0.95s
354 | Test | rrse: 0.0237 | corr: 0.9689 | approx epoch time: 0.89s
356 | Test | rrse: 0.0237 | corr: 0.9690 | approx epoch time: 0.97s
357 | Test | rrse: 0.0233 | corr: 0.9690 | approx epoch time: 0.97s
362 | Test | rrse: 0.0237 | corr: 0.9692 | approx epoch time: 0.91s
363 | Test | rrse: 0.0235 | corr: 0.9692 | approx epoch time: 1.02s
366 | Test | rrse: 0.0234 | corr: 0.9693 | approx epoch time: 1.03s
367 | Test | rrse: 0.0234 | corr: 0.9693 | approx epoch time: 0.87s
370 | Test | rrse: 0.0230 | corr: 0.9694 | approx epoch time: 0.98s
373 | Test | rrse: 0.0231 | corr: 0.9694 | approx epoch time: 0.96s
374 | Test | rrse: 0.0231 | corr: 0.9695 | approx epoch time: 1.00s
376 | Test | rrse: 0.0229 | corr: 0.9695 | approx epoch time: 0.91s
377 | Test | rrse: 0.0229 | corr: 0.9695 | approx epoch time: 1.01s
379 | Test | rrse: 0.0229 | corr: 0.9696 | approx epoch time: 0.89s
381 | Test | rrse: 0.0230 | corr: 0.9696 | approx epoch time: 1.04s
383 | Test | rrse: 0.0229 | corr: 0.9697 | approx epoch time: 0.91s
384 | Test | rrse: 0.0229 | corr: 0.9697 | approx epoch time: 0.98s
385 | Test | rrse: 0.0229 | corr: 0.9698 | approx epoch time: 0.87s
386 | Test | rrse: 0.0229 | corr: 0.9698 | approx epoch time: 0.91s
387 | Test | rrse: 0.0229 | corr: 0.9698 | approx epoch time: 0.96s
389 | Test | rrse: 0.0231 | corr: 0.9699 | approx epoch time: 0.99s
390 | Test | rrse: 0.0227 | corr: 0.9699 | approx epoch time: 1.04s
391 | Test | rrse: 0.0228 | corr: 0.9699 | approx epoch time: 0.92s
392 | Test | rrse: 0.0227 | corr: 0.9699 | approx epoch time: 0.99s
396 | Test | rrse: 0.0230 | corr: 0.9700 | approx epoch time: 1.05s
397 | Test | rrse: 0.0227 | corr: 0.9700 | approx epoch time: 0.91s
398 | Test | rrse: 0.0228 | corr: 0.9701 | approx epoch time: 0.97s
399 | Test | rrse: 0.0227 | corr: 0.9701 | approx epoch time: 1.04s
401 | Test | rrse: 0.0226 | corr: 0.9702 | approx epoch time: 0.97s
403 | Test | rrse: 0.0225 | corr: 0.9702 | approx epoch time: 0.85s
404 | Test | rrse: 0.0225 | corr: 0.9702 | approx epoch time: 1.03s
406 | Test | rrse: 0.0224 | corr: 0.9703 | approx epoch time: 0.96s
407 | Test | rrse: 0.0225 | corr: 0.9703 | approx epoch time: 0.89s
409 | Test | rrse: 0.0225 | corr: 0.9704 | approx epoch time: 0.99s
410 | Test | rrse: 0.0226 | corr: 0.9704 | approx epoch time: 1.03s
412 | Test | rrse: 0.0228 | corr: 0.9705 | approx epoch time: 0.94s
413 | Test | rrse: 0.0225 | corr: 0.9705 | approx epoch time: 0.86s
414 | Test | rrse: 0.0225 | corr: 0.9705 | approx epoch time: 1.00s
415 | Test | rrse: 0.0223 | corr: 0.9705 | approx epoch time: 0.89s
417 | Test | rrse: 0.0224 | corr: 0.9706 | approx epoch time: 0.97s
418 | Test | rrse: 0.0222 | corr: 0.9706 | approx epoch time: 1.03s
420 | Test | rrse: 0.0225 | corr: 0.9706 | approx epoch time: 1.07s
421 | Test | rrse: 0.0224 | corr: 0.9707 | approx epoch time: 0.94s
423 | Test | rrse: 0.0223 | corr: 0.9707 | approx epoch time: 1.02s
424 | Test | rrse: 0.0223 | corr: 0.9707 | approx epoch time: 1.01s
426 | Test | rrse: 0.0221 | corr: 0.9708 | approx epoch time: 1.03s
428 | Test | rrse: 0.0222 | corr: 0.9708 | approx epoch time: 0.95s
429 | Test | rrse: 0.0220 | corr: 0.9708 | approx epoch time: 0.94s
430 | Test | rrse: 0.0220 | corr: 0.9709 | approx epoch time: 1.03s
431 | Test | rrse: 0.0221 | corr: 0.9709 | approx epoch time: 1.01s
433 | Test | rrse: 0.0220 | corr: 0.9709 | approx epoch time: 0.85s
436 | Test | rrse: 0.0221 | corr: 0.9710 | approx epoch time: 0.86s
438 | Test | rrse: 0.0219 | corr: 0.9710 | approx epoch time: 0.93s
440 | Test | rrse: 0.0219 | corr: 0.9711 | approx epoch time: 0.93s
443 | Test | rrse: 0.0221 | corr: 0.9712 | approx epoch time: 0.93s
444 | Test | rrse: 0.0221 | corr: 0.9712 | approx epoch time: 0.99s
445 | Test | rrse: 0.0220 | corr: 0.9712 | approx epoch time: 0.94s
446 | Test | rrse: 0.0220 | corr: 0.9712 | approx epoch time: 0.92s
447 | Test | rrse: 0.0221 | corr: 0.9713 | approx epoch time: 0.91s
448 | Test | rrse: 0.0220 | corr: 0.9713 | approx epoch time: 1.00s
450 | Test | rrse: 0.0220 | corr: 0.9713 | approx epoch time: 1.06s
452 | Test | rrse: 0.0219 | corr: 0.9713 | approx epoch time: 0.99s
454 | Test | rrse: 0.0218 | corr: 0.9714 | approx epoch time: 1.00s
456 | Test | rrse: 0.0219 | corr: 0.9714 | approx epoch time: 0.92s
457 | Test | rrse: 0.0216 | corr: 0.9714 | approx epoch time: 0.90s
459 | Test | rrse: 0.0219 | corr: 0.9715 | approx epoch time: 0.97s
461 | Test | rrse: 0.0218 | corr: 0.9715 | approx epoch time: 0.94s
464 | Test | rrse: 0.0217 | corr: 0.9716 | approx epoch time: 0.99s
465 | Test | rrse: 0.0217 | corr: 0.9716 | approx epoch time: 1.06s
468 | Test | rrse: 0.0216 | corr: 0.9717 | approx epoch time: 0.98s
470 | Test | rrse: 0.0215 | corr: 0.9717 | approx epoch time: 1.02s
472 | Test | rrse: 0.0214 | corr: 0.9717 | approx epoch time: 0.98s
473 | Test | rrse: 0.0214 | corr: 0.9718 | approx epoch time: 1.08s
475 | Test | rrse: 0.0214 | corr: 0.9718 | approx epoch time: 0.97s
477 | Test | rrse: 0.0214 | corr: 0.9718 | approx epoch time: 0.96s
478 | Test | rrse: 0.0215 | corr: 0.9719 | approx epoch time: 0.90s
479 | Test | rrse: 0.0214 | corr: 0.9719 | approx epoch time: 1.03s
480 | Test | rrse: 0.0214 | corr: 0.9719 | approx epoch time: 0.95s
482 | Test | rrse: 0.0215 | corr: 0.9719 | approx epoch time: 0.94s
484 | Test | rrse: 0.0214 | corr: 0.9720 | approx epoch time: 0.99s
485 | Test | rrse: 0.0213 | corr: 0.9720 | approx epoch time: 0.99s
486 | Test | rrse: 0.0212 | corr: 0.9720 | approx epoch time: 0.95s
488 | Test | rrse: 0.0214 | corr: 0.9721 | approx epoch time: 1.04s
489 | Test | rrse: 0.0215 | corr: 0.9721 | approx epoch time: 0.99s
491 | Test | rrse: 0.0212 | corr: 0.9721 | approx epoch time: 1.05s
493 | Test | rrse: 0.0214 | corr: 0.9721 | approx epoch time: 0.91s
494 | Test | rrse: 0.0214 | corr: 0.9722 | approx epoch time: 1.08s
496 | Test | rrse: 0.0213 | corr: 0.9722 | approx epoch time: 0.89s
497 | Test | rrse: 0.0213 | corr: 0.9722 | approx epoch time: 0.94s
499 | Test | rrse: 0.0214 | corr: 0.9722 | approx epoch time: 0.87s
500 | Test | rrse: 0.0213 | corr: 0.9722 | approx epoch time: 1.01s
501 | Test | rrse: 0.0212 | corr: 0.9723 | approx epoch time: 0.91s
502 | Test | rrse: 0.0211 | corr: 0.9723 | approx epoch time: 0.99s
504 | Test | rrse: 0.0211 | corr: 0.9723 | approx epoch time: 0.98s
505 | Test | rrse: 0.0210 | corr: 0.9723 | approx epoch time: 0.97s
508 | Test | rrse: 0.0209 | corr: 0.9724 | approx epoch time: 0.84s
510 | Test | rrse: 0.0209 | corr: 0.9724 | approx epoch time: 0.95s
511 | Test | rrse: 0.0209 | corr: 0.9724 | approx epoch time: 0.86s
514 | Test | rrse: 0.0211 | corr: 0.9725 | approx epoch time: 0.99s
515 | Test | rrse: 0.0210 | corr: 0.9725 | approx epoch time: 0.90s
518 | Test | rrse: 0.0210 | corr: 0.9725 | approx epoch time: 0.98s
520 | Test | rrse: 0.0209 | corr: 0.9726 | approx epoch time: 0.97s
521 | Test | rrse: 0.0209 | corr: 0.9726 | approx epoch time: 0.97s
523 | Test | rrse: 0.0209 | corr: 0.9726 | approx epoch time: 0.85s
524 | Test | rrse: 0.0209 | corr: 0.9727 | approx epoch time: 0.96s
527 | Test | rrse: 0.0208 | corr: 0.9727 | approx epoch time: 0.96s
528 | Test | rrse: 0.0208 | corr: 0.9727 | approx epoch time: 1.03s
531 | Test | rrse: 0.0208 | corr: 0.9727 | approx epoch time: 1.03s
532 | Test | rrse: 0.0207 | corr: 0.9727 | approx epoch time: 0.95s
533 | Test | rrse: 0.0208 | corr: 0.9728 | approx epoch time: 0.86s
535 | Test | rrse: 0.0207 | corr: 0.9728 | approx epoch time: 0.97s
536 | Test | rrse: 0.0208 | corr: 0.9728 | approx epoch time: 1.01s
539 | Test | rrse: 0.0207 | corr: 0.9729 | approx epoch time: 1.01s
540 | Test | rrse: 0.0206 | corr: 0.9729 | approx epoch time: 0.94s
543 | Test | rrse: 0.0206 | corr: 0.9729 | approx epoch time: 0.97s
546 | Test | rrse: 0.0207 | corr: 0.9730 | approx epoch time: 0.85s
547 | Test | rrse: 0.0205 | corr: 0.9730 | approx epoch time: 0.98s
549 | Test | rrse: 0.0205 | corr: 0.9730 | approx epoch time: 0.91s
550 | Test | rrse: 0.0205 | corr: 0.9730 | approx epoch time: 0.95s
552 | Test | rrse: 0.0205 | corr: 0.9730 | approx epoch time: 1.00s
554 | Test | rrse: 0.0205 | corr: 0.9731 | approx epoch time: 0.89s
555 | Test | rrse: 0.0206 | corr: 0.9731 | approx epoch time: 0.94s
556 | Test | rrse: 0.0206 | corr: 0.9731 | approx epoch time: 1.07s
559 | Test | rrse: 0.0206 | corr: 0.9731 | approx epoch time: 0.85s
561 | Test | rrse: 0.0205 | corr: 0.9732 | approx epoch time: 0.94s
562 | Test | rrse: 0.0204 | corr: 0.9732 | approx epoch time: 1.04s
563 | Test | rrse: 0.0205 | corr: 0.9732 | approx epoch time: 1.01s
565 | Test | rrse: 0.0203 | corr: 0.9732 | approx epoch time: 0.99s
569 | Test | rrse: 0.0204 | corr: 0.9733 | approx epoch time: 0.83s
571 | Test | rrse: 0.0204 | corr: 0.9733 | approx epoch time: 0.94s
572 | Test | rrse: 0.0202 | corr: 0.9733 | approx epoch time: 0.90s
573 | Test | rrse: 0.0203 | corr: 0.9733 | approx epoch time: 0.95s
574 | Test | rrse: 0.0202 | corr: 0.9733 | approx epoch time: 0.94s
576 | Test | rrse: 0.0202 | corr: 0.9734 | approx epoch time: 0.90s
579 | Test | rrse: 0.0202 | corr: 0.9734 | approx epoch time: 0.93s
581 | Test | rrse: 0.0202 | corr: 0.9734 | approx epoch time: 0.93s
583 | Test | rrse: 0.0203 | corr: 0.9734 | approx epoch time: 1.00s
585 | Test | rrse: 0.0202 | corr: 0.9735 | approx epoch time: 0.95s
587 | Test | rrse: 0.0201 | corr: 0.9735 | approx epoch time: 0.92s
588 | Test | rrse: 0.0201 | corr: 0.9735 | approx epoch time: 0.94s
590 | Test | rrse: 0.0201 | corr: 0.9735 | approx epoch time: 0.93s
591 | Test | rrse: 0.0200 | corr: 0.9735 | approx epoch time: 0.98s
595 | Test | rrse: 0.0201 | corr: 0.9736 | approx epoch time: 1.00s
597 | Test | rrse: 0.0201 | corr: 0.9736 | approx epoch time: 1.05s
598 | Test | rrse: 0.0199 | corr: 0.9736 | approx epoch time: 1.02s
599 | Test | rrse: 0.0200 | corr: 0.9736 | approx epoch time: 1.01s
601 | Test | rrse: 0.0201 | corr: 0.9736 | approx epoch time: 0.91s
602 | Test | rrse: 0.0199 | corr: 0.9737 | approx epoch time: 0.97s
604 | Test | rrse: 0.0200 | corr: 0.9737 | approx epoch time: 0.96s
605 | Test | rrse: 0.0199 | corr: 0.9737 | approx epoch time: 0.87s
609 | Test | rrse: 0.0199 | corr: 0.9737 | approx epoch time: 1.05s
612 | Test | rrse: 0.0199 | corr: 0.9738 | approx epoch time: 0.89s
615 | Test | rrse: 0.0198 | corr: 0.9738 | approx epoch time: 1.08s
618 | Test | rrse: 0.0200 | corr: 0.9738 | approx epoch time: 0.85s
620 | Test | rrse: 0.0199 | corr: 0.9738 | approx epoch time: 0.91s
621 | Test | rrse: 0.0199 | corr: 0.9738 | approx epoch time: 0.96s
624 | Test | rrse: 0.0198 | corr: 0.9739 | approx epoch time: 0.99s
626 | Test | rrse: 0.0197 | corr: 0.9739 | approx epoch time: 0.96s
627 | Test | rrse: 0.0198 | corr: 0.9739 | approx epoch time: 0.94s
632 | Test | rrse: 0.0198 | corr: 0.9739 | approx epoch time: 1.03s
636 | Test | rrse: 0.0199 | corr: 0.9740 | approx epoch time: 1.00s
637 | Test | rrse: 0.0198 | corr: 0.9740 | approx epoch time: 0.93s
639 | Test | rrse: 0.0196 | corr: 0.9740 | approx epoch time: 0.99s
644 | Test | rrse: 0.0196 | corr: 0.9741 | approx epoch time: 0.89s
645 | Test | rrse: 0.0196 | corr: 0.9741 | approx epoch time: 0.92s
647 | Test | rrse: 0.0197 | corr: 0.9741 | approx epoch time: 1.04s
649 | Test | rrse: 0.0195 | corr: 0.9741 | approx epoch time: 0.90s
651 | Test | rrse: 0.0195 | corr: 0.9741 | approx epoch time: 1.01s
652 | Test | rrse: 0.0196 | corr: 0.9741 | approx epoch time: 1.00s
654 | Test | rrse: 0.0195 | corr: 0.9741 | approx epoch time: 0.98s
658 | Test | rrse: 0.0196 | corr: 0.9740 | approx epoch time: 0.87s
659 | Test | rrse: 0.0195 | corr: 0.9742 | approx epoch time: 0.89s
662 | Test | rrse: 0.0195 | corr: 0.9742 | approx epoch time: 0.99s
664 | Test | rrse: 0.0195 | corr: 0.9742 | approx epoch time: 0.86s
665 | Test | rrse: 0.0196 | corr: 0.9742 | approx epoch time: 0.96s
669 | Test | rrse: 0.0196 | corr: 0.9743 | approx epoch time: 0.88s
672 | Test | rrse: 0.0196 | corr: 0.9743 | approx epoch time: 0.97s
673 | Test | rrse: 0.0194 | corr: 0.9743 | approx epoch time: 0.96s
674 | Test | rrse: 0.0194 | corr: 0.9743 | approx epoch time: 0.89s
676 | Test | rrse: 0.0194 | corr: 0.9743 | approx epoch time: 1.05s
678 | Test | rrse: 0.0195 | corr: 0.9743 | approx epoch time: 0.94s
680 | Test | rrse: 0.0194 | corr: 0.9744 | approx epoch time: 0.99s
681 | Test | rrse: 0.0194 | corr: 0.9744 | approx epoch time: 0.93s
682 | Test | rrse: 0.0194 | corr: 0.9744 | approx epoch time: 1.01s
684 | Test | rrse: 0.0193 | corr: 0.9744 | approx epoch time: 0.90s
687 | Test | rrse: 0.0193 | corr: 0.9744 | approx epoch time: 0.95s
691 | Test | rrse: 0.0192 | corr: 0.9744 | approx epoch time: 1.05s
692 | Test | rrse: 0.0194 | corr: 0.9745 | approx epoch time: 0.91s
693 | Test | rrse: 0.0193 | corr: 0.9745 | approx epoch time: 0.99s
694 | Test | rrse: 0.0192 | corr: 0.9745 | approx epoch time: 0.98s
696 | Test | rrse: 0.0192 | corr: 0.9745 | approx epoch time: 0.98s
700 | Test | rrse: 0.0193 | corr: 0.9745 | approx epoch time: 0.84s
702 | Test | rrse: 0.0192 | corr: 0.9745 | approx epoch time: 0.98s
703 | Test | rrse: 0.0192 | corr: 0.9745 | approx epoch time: 1.01s
706 | Test | rrse: 0.0191 | corr: 0.9745 | approx epoch time: 0.82s
707 | Test | rrse: 0.0191 | corr: 0.9745 | approx epoch time: 1.03s
708 | Test | rrse: 0.0191 | corr: 0.9746 | approx epoch time: 0.90s
711 | Test | rrse: 0.0192 | corr: 0.9746 | approx epoch time: 1.00s
713 | Test | rrse: 0.0191 | corr: 0.9746 | approx epoch time: 0.88s
717 | Test | rrse: 0.0190 | corr: 0.9746 | approx epoch time: 0.98s
720 | Test | rrse: 0.0191 | corr: 0.9746 | approx epoch time: 0.94s
722 | Test | rrse: 0.0190 | corr: 0.9747 | approx epoch time: 0.95s
724 | Test | rrse: 0.0190 | corr: 0.9747 | approx epoch time: 0.92s
730 | Test | rrse: 0.0190 | corr: 0.9747 | approx epoch time: 0.98s
732 | Test | rrse: 0.0190 | corr: 0.9747 | approx epoch time: 0.88s
737 | Test | rrse: 0.0191 | corr: 0.9748 | approx epoch time: 0.93s
740 | Test | rrse: 0.0192 | corr: 0.9748 | approx epoch time: 0.84s
742 | Test | rrse: 0.0192 | corr: 0.9748 | approx epoch time: 0.97s
744 | Test | rrse: 0.0191 | corr: 0.9748 | approx epoch time: 0.96s
746 | Test | rrse: 0.0189 | corr: 0.9748 | approx epoch time: 0.86s
748 | Test | rrse: 0.0189 | corr: 0.9748 | approx epoch time: 1.01s
750 | Test | rrse: 0.0190 | corr: 0.9748 | approx epoch time: 0.88s
751 | Test | rrse: 0.0189 | corr: 0.9748 | approx epoch time: 0.94s
752 | Test | rrse: 0.0188 | corr: 0.9748 | approx epoch time: 0.95s
755 | Test | rrse: 0.0189 | corr: 0.9748 | approx epoch time: 0.98s
756 | Test | rrse: 0.0189 | corr: 0.9749 | approx epoch time: 0.85s
761 | Test | rrse: 0.0188 | corr: 0.9749 | approx epoch time: 1.02s
764 | Test | rrse: 0.0188 | corr: 0.9749 | approx epoch time: 0.96s
768 | Test | rrse: 0.0187 | corr: 0.9749 | approx epoch time: 1.15s
769 | Test | rrse: 0.0188 | corr: 0.9749 | approx epoch time: 1.02s
770 | Test | rrse: 0.0188 | corr: 0.9749 | approx epoch time: 0.95s
771 | Test | rrse: 0.0187 | corr: 0.9749 | approx epoch time: 0.99s
773 | Test | rrse: 0.0188 | corr: 0.9749 | approx epoch time: 0.94s
774 | Test | rrse: 0.0189 | corr: 0.9749 | approx epoch time: 0.95s
775 | Test | rrse: 0.0189 | corr: 0.9750 | approx epoch time: 0.99s
777 | Test | rrse: 0.0189 | corr: 0.9750 | approx epoch time: 0.95s
779 | Test | rrse: 0.0187 | corr: 0.9750 | approx epoch time: 0.90s
784 | Test | rrse: 0.0188 | corr: 0.9750 | approx epoch time: 0.90s
785 | Test | rrse: 0.0187 | corr: 0.9750 | approx epoch time: 0.96s
789 | Test | rrse: 0.0188 | corr: 0.9750 | approx epoch time: 1.03s
790 | Test | rrse: 0.0187 | corr: 0.9750 | approx epoch time: 0.94s
791 | Test | rrse: 0.0187 | corr: 0.9750 | approx epoch time: 0.98s
793 | Test | rrse: 0.0187 | corr: 0.9750 | approx epoch time: 0.99s
798 | Test | rrse: 0.0186 | corr: 0.9750 | approx epoch time: 0.95s
802 | Test | rrse: 0.0186 | corr: 0.9751 | approx epoch time: 0.97s
806 | Test | rrse: 0.0186 | corr: 0.9751 | approx epoch time: 0.96s
810 | Test | rrse: 0.0185 | corr: 0.9751 | approx epoch time: 0.92s
813 | Test | rrse: 0.0186 | corr: 0.9752 | approx epoch time: 0.98s
815 | Test | rrse: 0.0186 | corr: 0.9751 | approx epoch time: 0.97s
818 | Test | rrse: 0.0186 | corr: 0.9751 | approx epoch time: 0.92s
819 | Test | rrse: 0.0185 | corr: 0.9751 | approx epoch time: 0.89s
821 | Test | rrse: 0.0185 | corr: 0.9751 | approx epoch time: 0.99s
825 | Test | rrse: 0.0185 | corr: 0.9752 | approx epoch time: 0.90s
830 | Test | rrse: 0.0184 | corr: 0.9752 | approx epoch time: 0.94s
833 | Test | rrse: 0.0186 | corr: 0.9752 | approx epoch time: 0.97s
835 | Test | rrse: 0.0185 | corr: 0.9752 | approx epoch time: 0.99s
837 | Test | rrse: 0.0184 | corr: 0.9752 | approx epoch time: 0.97s
840 | Test | rrse: 0.0185 | corr: 0.9752 | approx epoch time: 0.87s
846 | Test | rrse: 0.0185 | corr: 0.9752 | approx epoch time: 0.96s
848 | Test | rrse: 0.0184 | corr: 0.9752 | approx epoch time: 0.87s
851 | Test | rrse: 0.0185 | corr: 0.9752 | approx epoch time: 1.01s
854 | Test | rrse: 0.0184 | corr: 0.9752 | approx epoch time: 0.90s
858 | Test | rrse: 0.0184 | corr: 0.9753 | approx epoch time: 1.02s
862 | Test | rrse: 0.0184 | corr: 0.9753 | approx epoch time: 0.85s
865 | Test | rrse: 0.0183 | corr: 0.9753 | approx epoch time: 0.94s
874 | Test | rrse: 0.0183 | corr: 0.9753 | approx epoch time: 0.91s
875 | Test | rrse: 0.0184 | corr: 0.9753 | approx epoch time: 1.02s
877 | Test | rrse: 0.0183 | corr: 0.9753 | approx epoch time: 0.95s
878 | Test | rrse: 0.0183 | corr: 0.9753 | approx epoch time: 1.09s
883 | Test | rrse: 0.0183 | corr: 0.9753 | approx epoch time: 1.02s
886 | Test | rrse: 0.0184 | corr: 0.9753 | approx epoch time: 0.91s
888 | Test | rrse: 0.0183 | corr: 0.9753 | approx epoch time: 0.93s
890 | Test | rrse: 0.0184 | corr: 0.9753 | approx epoch time: 1.27s
896 | Test | rrse: 0.0183 | corr: 0.9754 | approx epoch time: 1.00s
897 | Test | rrse: 0.0182 | corr: 0.9753 | approx epoch time: 0.90s
898 | Test | rrse: 0.0183 | corr: 0.9753 | approx epoch time: 1.04s
899 | Test | rrse: 0.0182 | corr: 0.9754 | approx epoch time: 1.00s
904 | Test | rrse: 0.0182 | corr: 0.9754 | approx epoch time: 1.01s
907 | Test | rrse: 0.0181 | corr: 0.9754 | approx epoch time: 1.06s
910 | Test | rrse: 0.0182 | corr: 0.9754 | approx epoch time: 0.98s
911 | Test | rrse: 0.0182 | corr: 0.9754 | approx epoch time: 0.98s
916 | Test | rrse: 0.0182 | corr: 0.9754 | approx epoch time: 1.09s
921 | Test | rrse: 0.0181 | corr: 0.9754 | approx epoch time: 0.87s
924 | Test | rrse: 0.0182 | corr: 0.9754 | approx epoch time: 1.01s
926 | Test | rrse: 0.0183 | corr: 0.9754 | approx epoch time: 0.95s
927 | Test | rrse: 0.0182 | corr: 0.9754 | approx epoch time: 0.85s
934 | Test | rrse: 0.0181 | corr: 0.9754 | approx epoch time: 0.90s
936 | Test | rrse: 0.0181 | corr: 0.9754 | approx epoch time: 1.10s
937 | Test | rrse: 0.0181 | corr: 0.9755 | approx epoch time: 0.83s
943 | Test | rrse: 0.0182 | corr: 0.9754 | approx epoch time: 1.01s
944 | Test | rrse: 0.0181 | corr: 0.9755 | approx epoch time: 0.98s
950 | Test | rrse: 0.0181 | corr: 0.9755 | approx epoch time: 0.99s
952 | Test | rrse: 0.0180 | corr: 0.9755 | approx epoch time: 1.05s
953 | Test | rrse: 0.0181 | corr: 0.9755 | approx epoch time: 0.95s
956 | Test | rrse: 0.0181 | corr: 0.9755 | approx epoch time: 1.00s
957 | Test | rrse: 0.0180 | corr: 0.9755 | approx epoch time: 0.98s
961 | Test | rrse: 0.0181 | corr: 0.9755 | approx epoch time: 0.92s
962 | Test | rrse: 0.0180 | corr: 0.9754 | approx epoch time: 1.03s
967 | Test | rrse: 0.0180 | corr: 0.9755 | approx epoch time: 0.89s
975 | Test | rrse: 0.0181 | corr: 0.9755 | approx epoch time: 0.96s
980 | Test | rrse: 0.0180 | corr: 0.9755 | approx epoch time: 0.95s
983 | Test | rrse: 0.0180 | corr: 0.9755 | approx epoch time: 1.07s
986 | Test | rrse: 0.0180 | corr: 0.9755 | approx epoch time: 0.86s
989 | Test | rrse: 0.0180 | corr: 0.9755 | approx epoch time: 1.03s
997 | Test | rrse: 0.0180 | corr: 0.9755 | approx epoch time: 0.91s
1000 | Test | rrse: 0.0179 | corr: 0.9755 | approx epoch time: 0.84s
End of Exp 2

Exp 3
2019-11-09 19:04:49.999469
1 | Test | rrse: 0.1301 | corr: 0.7272 | approx epoch time: 4.87s
2 | Test | rrse: 0.0961 | corr: 0.6767 | approx epoch time: 0.95s
3 | Test | rrse: 0.0692 | corr: 0.7018 | approx epoch time: 0.98s
End of Exp 3

Exp 4
2019-11-09 19:05:12.645287
1 | Test | rrse: 0.2165 | corr: 0.9089 | approx epoch time: 4.41s
5 | Test | rrse: 0.1897 | corr: 0.8678 | approx epoch time: 0.91s
End of Exp 4

Exp 5
2019-11-09 19:05:36.498163
1 | Test | rrse: 0.7444 | corr: 0.2252 | approx epoch time: 4.43s
2 | Test | rrse: 0.6376 | corr: 0.2885 | approx epoch time: 0.98s
4 | Test | rrse: 0.6149 | corr: 0.3721 | approx epoch time: 1.04s
5 | Test | rrse: 0.5670 | corr: 0.5013 | approx epoch time: 0.93s
6 | Test | rrse: 0.5627 | corr: 0.5468 | approx epoch time: 0.88s
7 | Test | rrse: 0.4827 | corr: 0.6314 | approx epoch time: 1.02s
8 | Test | rrse: 0.4456 | corr: 0.7120 | approx epoch time: 1.05s
9 | Test | rrse: 0.4205 | corr: 0.7463 | approx epoch time: 1.01s
10 | Test | rrse: 0.3672 | corr: 0.7857 | approx epoch time: 0.98s
11 | Test | rrse: 0.3361 | corr: 0.7732 | approx epoch time: 0.85s
12 | Test | rrse: 0.3177 | corr: 0.7707 | approx epoch time: 0.93s
13 | Test | rrse: 0.3009 | corr: 0.7715 | approx epoch time: 0.86s
14 | Test | rrse: 0.2775 | corr: 0.7683 | approx epoch time: 1.06s
15 | Test | rrse: 0.2586 | corr: 0.7653 | approx epoch time: 1.01s
16 | Test | rrse: 0.2476 | corr: 0.7507 | approx epoch time: 0.99s
17 | Test | rrse: 0.2426 | corr: 0.7277 | approx epoch time: 0.88s
18 | Test | rrse: 0.2312 | corr: 0.6931 | approx epoch time: 0.90s
19 | Test | rrse: 0.2296 | corr: 0.6932 | approx epoch time: 0.93s
20 | Test | rrse: 0.2298 | corr: 0.6830 | approx epoch time: 0.88s
21 | Test | rrse: 0.2190 | corr: 0.6598 | approx epoch time: 0.92s
22 | Test | rrse: 0.2248 | corr: 0.6639 | approx epoch time: 0.92s
23 | Test | rrse: 0.2059 | corr: 0.6690 | approx epoch time: 0.90s
25 | Test | rrse: 0.1969 | corr: 0.6441 | approx epoch time: 1.02s
30 | Test | rrse: 0.1841 | corr: 0.6576 | approx epoch time: 1.01s
32 | Test | rrse: 0.1657 | corr: 0.6524 | approx epoch time: 1.03s
34 | Test | rrse: 0.1578 | corr: 0.6714 | approx epoch time: 1.00s
36 | Test | rrse: 0.1372 | corr: 0.7129 | approx epoch time: 0.93s
37 | Test | rrse: 0.1328 | corr: 0.7708 | approx epoch time: 1.07s
38 | Test | rrse: 0.1411 | corr: 0.8156 | approx epoch time: 0.94s
39 | Test | rrse: 0.1320 | corr: 0.8153 | approx epoch time: 0.98s
40 | Test | rrse: 0.1200 | corr: 0.8263 | approx epoch time: 1.04s
42 | Test | rrse: 0.1197 | corr: 0.8490 | approx epoch time: 0.90s
43 | Test | rrse: 0.1179 | corr: 0.8560 | approx epoch time: 1.17s
44 | Test | rrse: 0.1173 | corr: 0.8834 | approx epoch time: 1.01s
45 | Test | rrse: 0.1083 | corr: 0.8652 | approx epoch time: 0.96s
46 | Test | rrse: 0.0925 | corr: 0.8658 | approx epoch time: 0.96s
47 | Test | rrse: 0.0907 | corr: 0.8843 | approx epoch time: 0.87s
48 | Test | rrse: 0.0931 | corr: 0.8825 | approx epoch time: 0.86s
49 | Test | rrse: 0.0814 | corr: 0.8879 | approx epoch time: 0.95s
53 | Test | rrse: 0.0839 | corr: 0.9019 | approx epoch time: 0.91s
54 | Test | rrse: 0.0832 | corr: 0.8921 | approx epoch time: 0.98s
55 | Test | rrse: 0.0800 | corr: 0.8967 | approx epoch time: 1.10s
56 | Test | rrse: 0.0765 | corr: 0.8900 | approx epoch time: 1.02s
57 | Test | rrse: 0.0767 | corr: 0.9080 | approx epoch time: 0.84s
60 | Test | rrse: 0.0728 | corr: 0.9067 | approx epoch time: 0.93s
62 | Test | rrse: 0.0694 | corr: 0.9061 | approx epoch time: 1.02s
67 | Test | rrse: 0.0623 | corr: 0.9110 | approx epoch time: 1.04s
68 | Test | rrse: 0.0599 | corr: 0.9049 | approx epoch time: 0.94s
69 | Test | rrse: 0.0542 | corr: 0.9124 | approx epoch time: 0.88s
74 | Test | rrse: 0.0498 | corr: 0.9131 | approx epoch time: 0.96s
83 | Test | rrse: 0.0494 | corr: 0.9135 | approx epoch time: 0.99s
87 | Test | rrse: 0.0494 | corr: 0.9115 | approx epoch time: 0.98s
88 | Test | rrse: 0.0485 | corr: 0.9131 | approx epoch time: 0.85s
91 | Test | rrse: 0.0456 | corr: 0.9079 | approx epoch time: 0.87s
94 | Test | rrse: 0.0437 | corr: 0.9021 | approx epoch time: 0.88s
96 | Test | rrse: 0.0483 | corr: 0.9076 | approx epoch time: 1.02s
99 | Test | rrse: 0.0430 | corr: 0.9051 | approx epoch time: 0.95s
103 | Test | rrse: 0.0422 | corr: 0.9113 | approx epoch time: 0.92s
106 | Test | rrse: 0.0405 | corr: 0.9112 | approx epoch time: 0.94s
111 | Test | rrse: 0.0392 | corr: 0.9204 | approx epoch time: 1.06s
113 | Test | rrse: 0.0397 | corr: 0.9129 | approx epoch time: 0.91s
120 | Test | rrse: 0.0405 | corr: 0.9269 | approx epoch time: 0.92s
125 | Test | rrse: 0.0401 | corr: 0.9368 | approx epoch time: 1.00s
127 | Test | rrse: 0.0400 | corr: 0.9258 | approx epoch time: 0.85s
132 | Test | rrse: 0.0387 | corr: 0.9283 | approx epoch time: 1.02s
137 | Test | rrse: 0.0394 | corr: 0.9412 | approx epoch time: 1.02s
138 | Test | rrse: 0.0407 | corr: 0.9412 | approx epoch time: 0.91s
142 | Test | rrse: 0.0374 | corr: 0.9401 | approx epoch time: 1.00s
148 | Test | rrse: 0.0360 | corr: 0.9477 | approx epoch time: 0.90s
153 | Test | rrse: 0.0353 | corr: 0.9499 | approx epoch time: 0.92s
156 | Test | rrse: 0.0362 | corr: 0.9496 | approx epoch time: 0.91s
157 | Test | rrse: 0.0358 | corr: 0.9500 | approx epoch time: 0.98s
172 | Test | rrse: 0.0345 | corr: 0.9509 | approx epoch time: 0.90s
End of Exp 5
Average result | rrse: 0.0697 | corr: 0.8886
Best result | rrse: 0.0179 | corr: 0.9755
